<?xml version="1.0" encoding="UTF-8"?>
<!-- Generated by org.testng.reporters.JUnitReportReporter -->
<testsuite hostname="Ashok" failures="0" tests="1" name="genericLib.BaseTest" time="8.728" errors="0" timestamp="2022-02-04T09:59:26 IST" skipped="0">
  <testcase classname="genericLib.BaseTest" name="openBrowser" time="8.728"/>
  <system-out>
    <![CDATA[ Login Title Display is Displayed, PASS]]>
  </system-out>
</testsuite> <!-- genericLib.BaseTest -->
