<?xml version="1.0" encoding="UTF-8"?>
<!-- Generated by org.testng.reporters.JUnitReportReporter -->
<testsuite hostname="Ashok" failures="0" tests="1" name="WorkBookFactory.GetRowCountWBF" time="0.586" errors="0" timestamp="2022-02-03T11:13:27 IST" skipped="0">
  <testcase classname="WorkBookFactory.GetRowCountWBF" name="getCount" time="0.586"/>
  <system-out/>
</testsuite> <!-- WorkBookFactory.GetRowCountWBF -->
