<?xml version="1.0" encoding="UTF-8"?>
<!-- Generated by org.testng.reporters.JUnitReportReporter -->
<testsuite hostname="Ashok" failures="0" tests="1" name="genericLib.Demo" time="1.549" errors="0" timestamp="2022-02-02T17:10:58 IST" skipped="0">
  <testcase classname="genericLib.Demo" name="open" time="1.549"/>
  <system-out/>
</testsuite> <!-- genericLib.Demo -->
