<?xml version="1.0" encoding="UTF-8"?>
<!-- Generated by org.testng.reporters.JUnitReportReporter -->
<testsuite hostname="Ashok" failures="0" tests="1" name="WorkBookFactory.ReadAllDataWBF" time="0.456" errors="0" timestamp="2022-02-03T11:44:04 IST" skipped="0">
  <testcase classname="WorkBookFactory.ReadAllDataWBF" name="readAllData" time="0.456"/>
  <system-out/>
</testsuite> <!-- WorkBookFactory.ReadAllDataWBF -->
