<?xml version="1.0" encoding="UTF-8"?>
<!-- Generated by org.testng.reporters.JUnitReportReporter -->
<testsuite hostname="Ashok" failures="0" tests="1" name="WorkBookFactory.WriteExcellValueWBF" time="0.560" errors="0" timestamp="2022-02-03T10:58:28 IST" skipped="0">
  <testcase classname="WorkBookFactory.WriteExcellValueWBF" name="write" time="0.560"/>
  <system-out/>
</testsuite> <!-- WorkBookFactory.WriteExcellValueWBF -->
