<?xml version="1.0" encoding="UTF-8"?>
<!-- Generated by org.testng.reporters.JUnitReportReporter -->
<testsuite hostname="Ashok" failures="0" tests="2" name="invalidLoginTest.InvalidLoginTest" time="64.551" errors="0" timestamp="2022-02-08T15:34:30 IST" skipped="0">
  <testcase classname="invalidLoginTest.InvalidLoginTest" name="invalidTest" time="53.931"/>
  <system-out/>
  <testcase classname="invalidLoginTest.InvalidLoginTest" name="openBrowser" time="10.620"/>
  <system-out>
    <![CDATA[ Login Title Display is Displayed, PASS]]>
  </system-out>
</testsuite> <!-- invalidLoginTest.InvalidLoginTest -->
